#
# A fatal error has been detected by the Java Runtime Environment:
#
#  EXCEPTION_ACCESS_VIOLATION (0xc0000005) at pc=0x00007ffc7df73b81, pid=20600, tid=4128
#
# JRE version: Java(TM) SE Runtime Environment (17.0.10+11) (build 17.0.10+11-LTS-240)
# Java VM: Java HotSpot(TM) 64-Bit Server VM (17.0.10+11-LTS-240, mixed mode, sharing, tiered, compressed oops, compressed class ptrs, g1 gc, windows-amd64)
# Problematic frame:
# V  [jvm.dll+0x603b81]
#
# No core dump will be written. Minidumps are not enabled by default on client versions of Windows
#
# If you would like to submit a bug report, please visit:
#   https://bugreport.java.com/bugreport/crash.jsp
#

---------------  S U M M A R Y ------------

Command Line: -XX:MaxMetaspaceSize=512m --add-opens=java.base/java.util=ALL-UNNAMED --add-opens=java.base/java.lang=ALL-UNNAMED --add-opens=java.base/java.lang.invoke=ALL-UNNAMED --add-opens=java.prefs/java.util.prefs=ALL-UNNAMED --add-exports=jdk.compiler/com.sun.tools.javac.api=ALL-UNNAMED --add-exports=jdk.compiler/com.sun.tools.javac.util=ALL-UNNAMED --add-opens=java.base/java.nio.charset=ALL-UNNAMED --add-opens=java.base/java.net=ALL-UNNAMED --add-opens=java.base/java.util.concurrent.atomic=ALL-UNNAMED -Xmx2048m -Dfile.encoding=windows-1252 -Duser.country=IN -Duser.language=en -Duser.variant -javaagent:C:\Users\siddh\.gradle\wrapper\dists\gradle-8.10.2-all\7iv73wktx1xtkvlq19urqw1wm\gradle-8.10.2\lib\agents\gradle-instrumentation-agent-8.10.2.jar org.gradle.launcher.daemon.bootstrap.GradleDaemon 8.10.2

Host: Intel(R) Core(TM) i5-10300H CPU @ 2.50GHz, 8 cores, 7G,  Windows 10 , 64 bit Build 19041 (10.0.19041.4957)
Time: Sat Oct 26 20:29:43 2024 India Standard Time elapsed time: 11.863921 seconds (0d 0h 0m 11s)

---------------  T H R E A D  ---------------

Current thread (0x000001989fe5c530):  GCTaskThread "GC Thread#3" [stack: 0x0000001dc8100000,0x0000001dc8200000] [id=4128]

Stack: [0x0000001dc8100000,0x0000001dc8200000],  sp=0x0000001dc81ff190,  free space=1020k
Native frames: (J=compiled Java code, j=interpreted, Vv=VM code, C=native code)
V  [jvm.dll+0x603b81]
V  [jvm.dll+0x3049f7]
V  [jvm.dll+0x305af2]
V  [jvm.dll+0x3027fe]
V  [jvm.dll+0x3152bf]
V  [jvm.dll+0x1f4324]
V  [jvm.dll+0x30277b]
V  [jvm.dll+0x1f6808]
V  [jvm.dll+0x3161e0]
V  [jvm.dll+0x316025]
V  [jvm.dll+0x2dd474]
V  [jvm.dll+0x2ded6b]
V  [jvm.dll+0x8067ab]
V  [jvm.dll+0x8067f6]
V  [jvm.dll+0x78888a]
V  [jvm.dll+0x676935]
C  [ucrtbase.dll+0x21bb2]
C  [KERNEL32.DLL+0x17374]
C  [ntdll.dll+0x4cc91]


siginfo: EXCEPTION_ACCESS_VIOLATION (0xc0000005), reading address 0xffffffffffffffff


Registers:
RAX=0x000000000000000d, RBX=0x0000001dc81ff210, RCX=0x0000001dc81ff200, RDX=0x0000001dc81ff210
RSP=0x0000001dc81ff190, RBP=0x0000000000000000, RSI=0x00000000830cf304, RDI=0x0000001dc81ff200
R8 =0x00f7020300000018, R9 =0x0000019880160000, R10=0x00000000852a0a80, R11=0x0000000000000001
R12=0x0000000000000001, R13=0x0000000000000000, R14=0x00000198a0d666d0, R15=0x0000019880160000
RIP=0x00007ffc7df73b81, EFLAGS=0x0000000000010206


Register to memory mapping:

RIP=0x00007ffc7df73b81 jvm.dll
RAX=0x000000000000000d is an unknown value
RBX=0x0000001dc81ff210 points into unknown readable memory: 0x00000198a0d66850 | 50 68 d6 a0 98 01 00 00
RCX=0x0000001dc81ff200 points into unknown readable memory: 0x00f702030000001a | 1a 00 00 00 03 02 f7 00
RDX=0x0000001dc81ff210 points into unknown readable memory: 0x00000198a0d66850 | 50 68 d6 a0 98 01 00 00
RSP=0x0000001dc81ff190 points into unknown readable memory: 0x00000000830cf344 | 44 f3 0c 83 00 00 00 00
RBP=0x0 is NULL
RSI=0x00000000830cf304 is pointing into object: [Ljava.lang.String; 
{0x00000000830cf2c8} - klass: 'java/lang/String'[]
 - length: 28
RDI=0x0000001dc81ff200 points into unknown readable memory: 0x00f702030000001a | 1a 00 00 00 03 02 f7 00
R8 =0x00f7020300000018 is an unknown value
R9 =0x0000019880160000 is pointing into metadata
R10=0x00000000852a0a80 is pointing into object: [B 
{0x0000000085299f18} - klass: {type array byte}
 - length: 30544
R11=0x0000000000000001 is an unknown value
R12=0x0000000000000001 is an unknown value
R13=0x0 is NULL
R14=0x00000198a0d666d0 points into unknown readable memory: 0x00007ffc7e26dfd8 | d8 df 26 7e fc 7f 00 00
R15=0x0000019880160000 is pointing into metadata


Top of Stack: (sp=0x0000001dc81ff190)
0x0000001dc81ff190:   00000000830cf344 00000000830cf2c8
0x0000001dc81ff1a0:   00000000830cf348 0000000000000005
0x0000001dc81ff1b0:   000000000000001c 00000198a0d666d0
0x0000001dc81ff1c0:   00000000852a0a80 00007ffc7dc749f7
0x0000001dc81ff1d0:   0000000000000001 0000000000000001
0x0000001dc81ff1e0:   00000000830cf2c8 0000000000000000
0x0000001dc81ff1f0:   0000000000000000 00007ffc00000000
0x0000001dc81ff200:   00f702030000001a 00000198fb2f8e90
0x0000001dc81ff210:   00000198a0d66850 00000198a0d666d0
0x0000001dc81ff220:   0000000083014cf4 0000000000000000
0x0000001dc81ff230:   0000000000000040 00000000000003d8
0x0000001dc81ff240:   00000198fb4ae908 00000198a0d666d0
0x0000001dc81ff250:   00000000830cf304 000000000000031c
0x0000001dc81ff260:   00000000830cf305 00007ffc7dc75af2
0x0000001dc81ff270:   0000000000000000 0000000000400001
0x0000001dc81ff280:   0000000000000008 00f702030000001a 

Instructions: (pc=0x00007ffc7df73b81)
0x00007ffc7df73a81:   13 fd 4a 00 48 03 0d 04 fd 4a 00 48 8b 15 ed b5
0x00007ffc7df73a91:   50 00 48 03 d1 48 8d 0d 13 8b 33 00 e8 de 46 c4
0x00007ffc7df73aa1:   ff 48 39 1d d7 b5 50 00 76 29 48 8b d3 66 90 48
0x00007ffc7df73ab1:   8b 05 d9 b5 50 00 48 8d 52 10 48 ff c3 48 8b 4c
0x00007ffc7df73ac1:   02 f8 48 8b 44 02 f0 48 89 08 48 3b 1d ae b5 50
0x00007ffc7df73ad1:   00 72 dc 48 8b 0d cd fc 4a 00 48 85 c9 74 68 48
0x00007ffc7df73ae1:   89 7c 24 30 48 8b 05 a4 fc 4a 00 48 83 e8 01 48
0x00007ffc7df73af1:   89 05 99 fc 4a 00 48 8b 3c c1 75 0c 48 8d 0d 6c
0x00007ffc7df73b01:   fc 4a 00 e8 47 92 c4 ff 48 8b 05 30 fc 4a 00 48
0x00007ffc7df73b11:   8b 1d 41 fc 4a 00 48 83 e8 01 48 89 05 1e fc 4a
0x00007ffc7df73b21:   00 48 8b 1c c3 75 0c 48 8d 0d f1 fb 4a 00 e8 1c
0x00007ffc7df73b31:   92 c4 ff 48 89 1f 48 8b 0d 6a fc 4a 00 48 85 c9
0x00007ffc7df73b41:   75 a2 48 8b 7c 24 30 48 83 c4 20 5b c3 cc cc 48
0x00007ffc7df73b51:   89 0d 41 b5 50 00 48 89 0d 72 fc 4a 00 c3 cc 48
0x00007ffc7df73b61:   89 5c 24 08 57 48 83 ec 30 4c 8b 01 48 8b da 41
0x00007ffc7df73b71:   0f b6 c0 48 8b f9 d0 e8 a8 01 74 18 49 83 f0 02
0x00007ffc7df73b81:   49 8b 00 48 89 02 48 8b c3 48 8b 5c 24 40 48 83
0x00007ffc7df73b91:   c4 30 5f c3 41 f6 c0 03 74 e6 4c 89 44 24 20 4c
0x00007ffc7df73ba1:   8d 0d 21 8a 33 00 41 b8 2b 00 00 00 48 8d 15 2c
0x00007ffc7df73bb1:   8a 33 00 b9 00 00 00 e0 e8 e2 16 c4 ff e8 ad 39
0x00007ffc7df73bc1:   07 00 48 8b 07 48 89 03 48 8b c3 48 8b 5c 24 40
0x00007ffc7df73bd1:   48 83 c4 30 5f c3 cc cc cc cc cc cc cc cc cc 48
0x00007ffc7df73be1:   83 ec 38 4c 8b 01 41 0f b6 c0 d0 e8 a8 01 74 0c
0x00007ffc7df73bf1:   49 83 f0 02 49 89 10 48 83 c4 38 c3 41 f6 c0 03
0x00007ffc7df73c01:   74 f2 4c 89 44 24 20 4c 8d 0d b9 89 33 00 41 b8
0x00007ffc7df73c11:   3d 00 00 00 48 8d 15 c4 89 33 00 b9 00 00 00 e0
0x00007ffc7df73c21:   e8 7a 16 c4 ff 48 83 c4 38 e9 41 39 07 00 cc 48
0x00007ffc7df73c31:   89 5c 24 08 48 89 6c 24 10 48 89 74 24 18 57 41
0x00007ffc7df73c41:   56 41 57 48 83 ec 20 ba 06 00 00 00 48 8b f9 e8
0x00007ffc7df73c51:   ab 78 09 00 48 8d 05 a4 8d 33 00 ba 06 00 00 00
0x00007ffc7df73c61:   41 b8 d8 27 00 00 48 89 07 48 8d 8f 88 09 00 00
0x00007ffc7df73c71:   e8 ca 6b aa ff 48 8d 8f b8 09 00 00 48 8d 97 88 


Stack slot to memory mapping:
stack at sp + 0 slots: 0x00000000830cf344 is pointing into object: [Ljava.lang.String; 
{0x00000000830cf2c8} - klass: 'java/lang/String'[]
 - length: 28
stack at sp + 1 slots: 0x00000000830cf2c8 is an oop: [Ljava.lang.String; 
{0x00000000830cf2c8} - klass: 'java/lang/String'[]
 - length: 28
stack at sp + 2 slots: 0x00000000830cf348 points into unknown readable memory: 0x0000000000000000 | 00 00 00 00 00 00 00 00
stack at sp + 3 slots: 0x0000000000000005 is an unknown value
stack at sp + 4 slots: 0x000000000000001c is an unknown value
stack at sp + 5 slots: 0x00000198a0d666d0 points into unknown readable memory: 0x00007ffc7e26dfd8 | d8 df 26 7e fc 7f 00 00
stack at sp + 6 slots: 0x00000000852a0a80 is pointing into object: [B 
{0x0000000085299f18} - klass: {type array byte}
 - length: 30544
stack at sp + 7 slots: 0x00007ffc7dc749f7 jvm.dll


---------------  P R O C E S S  ---------------

Threads class SMR info:
_java_thread_list=0x00000198a0502310, length=26, elements={
0x00000198dd288820, 0x00000198fb481ad0, 0x00000198fb482c70, 0x00000198fb496bd0,
0x00000198fb499700, 0x00000198fb49a490, 0x00000198fb49b4c0, 0x00000198fb4a6e00,
0x00000198fb4aaf40, 0x00000198fb4bfb10, 0x000001989f1dcd20, 0x000001989f1de670,
0x000001989f1ddc50, 0x000001989f1de160, 0x000001989f1dbdf0, 0x000001989f1deb80,
0x000001989f1df090, 0x000001989f1df5a0, 0x000001989f1dd230, 0x000001989f1dc300,
0x000001989f1dc810, 0x000001989f67a7b0, 0x000001989f67d540, 0x000001989f67b6e0,
0x000001989f679370, 0x000001989f6f14a0
}

Java Threads: ( => current thread )
  0x00000198dd288820 JavaThread "main" [_thread_blocked, id=14000, stack(0x0000001dc6e00000,0x0000001dc6f00000)]
  0x00000198fb481ad0 JavaThread "Reference Handler" daemon [_thread_blocked, id=6568, stack(0x0000001dc7500000,0x0000001dc7600000)]
  0x00000198fb482c70 JavaThread "Finalizer" daemon [_thread_blocked, id=20676, stack(0x0000001dc7600000,0x0000001dc7700000)]
  0x00000198fb496bd0 JavaThread "Signal Dispatcher" daemon [_thread_blocked, id=19520, stack(0x0000001dc7700000,0x0000001dc7800000)]
  0x00000198fb499700 JavaThread "Attach Listener" daemon [_thread_blocked, id=6712, stack(0x0000001dc7800000,0x0000001dc7900000)]
  0x00000198fb49a490 JavaThread "Service Thread" daemon [_thread_blocked, id=21292, stack(0x0000001dc7900000,0x0000001dc7a00000)]
  0x00000198fb49b4c0 JavaThread "Monitor Deflation Thread" daemon [_thread_blocked, id=2260, stack(0x0000001dc7a00000,0x0000001dc7b00000)]
  0x00000198fb4a6e00 JavaThread "C2 CompilerThread0" daemon [_thread_blocked, id=9664, stack(0x0000001dc7b00000,0x0000001dc7c00000)]
  0x00000198fb4aaf40 JavaThread "C1 CompilerThread0" daemon [_thread_blocked, id=15248, stack(0x0000001dc7c00000,0x0000001dc7d00000)]
  0x00000198fb4bfb10 JavaThread "Sweeper thread" daemon [_thread_blocked, id=4548, stack(0x0000001dc7d00000,0x0000001dc7e00000)]
  0x000001989f1dcd20 JavaThread "Common-Cleaner" daemon [_thread_blocked, id=19568, stack(0x0000001dc7e00000,0x0000001dc7f00000)]
  0x000001989f1de670 JavaThread "Notification Thread" daemon [_thread_blocked, id=10244, stack(0x0000001dc7f00000,0x0000001dc8000000)]
  0x000001989f1ddc50 JavaThread "Daemon health stats" [_thread_blocked, id=1036, stack(0x0000001dc8500000,0x0000001dc8600000)]
  0x000001989f1de160 JavaThread "Incoming local TCP Connector on port 55768" [_thread_in_native, id=8004, stack(0x0000001dc8600000,0x0000001dc8700000)]
  0x000001989f1dbdf0 JavaThread "Daemon periodic checks" [_thread_blocked, id=14584, stack(0x0000001dc8700000,0x0000001dc8800000)]
  0x000001989f1deb80 JavaThread "Daemon" [_thread_blocked, id=19992, stack(0x0000001dc8800000,0x0000001dc8900000)]
  0x000001989f1df090 JavaThread "Handler for socket connection from /127.0.0.1:55768 to /127.0.0.1:55771" [_thread_in_native, id=928, stack(0x0000001dc8900000,0x0000001dc8a00000)]
  0x000001989f1df5a0 JavaThread "Cancel handler" [_thread_blocked, id=7768, stack(0x0000001dc8a00000,0x0000001dc8b00000)]
  0x000001989f1dd230 JavaThread "Daemon worker" [_thread_blocked, id=17896, stack(0x0000001dc8b00000,0x0000001dc8c00000)]
  0x000001989f1dc300 JavaThread "Asynchronous log dispatcher for DefaultDaemonConnection: socket connection from /127.0.0.1:55768 to /127.0.0.1:55771" [_thread_blocked, id=15916, stack(0x0000001dc8c00000,0x0000001dc8d00000)]
  0x000001989f1dc810 JavaThread "Stdin handler" [_thread_blocked, id=9656, stack(0x0000001dc8d00000,0x0000001dc8e00000)]
  0x000001989f67a7b0 JavaThread "Daemon client event forwarder" [_thread_blocked, id=13916, stack(0x0000001dc8e00000,0x0000001dc8f00000)]
  0x000001989f67d540 JavaThread "Cache worker for journal cache (C:\Users\siddh\.gradle\caches\journal-1)" [_thread_blocked, id=21420, stack(0x0000001dc8f00000,0x0000001dc9000000)]
  0x000001989f67b6e0 JavaThread "File lock request listener" [_thread_in_native, id=21432, stack(0x0000001dc9000000,0x0000001dc9100000)]
  0x000001989f679370 JavaThread "Cache worker for file hash cache (C:\Users\siddh\.gradle\caches\8.10.2\fileHashes)" [_thread_blocked, id=4064, stack(0x0000001dc9100000,0x0000001dc9200000)]
  0x000001989f6f14a0 JavaThread "C2 CompilerThread1" daemon [_thread_in_native, id=19748, stack(0x0000001dc9200000,0x0000001dc9300000)]

Other Threads:
  0x00000198fb47aaa0 VMThread "VM Thread" [stack: 0x0000001dc7400000,0x0000001dc7500000] [id=9936]
  0x00000198dd2fe390 WatcherThread [stack: 0x0000001dc8000000,0x0000001dc8100000] [id=15796]
  0x00000198dd2e1c20 GCTaskThread "GC Thread#0" [stack: 0x0000001dc6f00000,0x0000001dc7000000] [id=712]
  0x000001989f548880 GCTaskThread "GC Thread#1" [stack: 0x0000001dc8200000,0x0000001dc8300000] [id=14768]
  0x000001989fbc1f80 GCTaskThread "GC Thread#2" [stack: 0x0000001dc8300000,0x0000001dc8400000] [id=14308]
=>0x000001989fe5c530 GCTaskThread "GC Thread#3" [stack: 0x0000001dc8100000,0x0000001dc8200000] [id=4128]
  0x00000198a03f5da0 GCTaskThread "GC Thread#4" [stack: 0x0000001dc8400000,0x0000001dc8500000] [id=21144]
  0x00000198a234b730 GCTaskThread "GC Thread#5" [stack: 0x0000001dc9300000,0x0000001dc9400000] [id=20000]
  0x00000198a127ca90 GCTaskThread "GC Thread#6" [stack: 0x0000001dc9400000,0x0000001dc9500000] [id=16248]
  0x00000198a054d180 GCTaskThread "GC Thread#7" [stack: 0x0000001dc9500000,0x0000001dc9600000] [id=12644]
  0x00000198dd2f2bc0 ConcurrentGCThread "G1 Main Marker" [stack: 0x0000001dc7000000,0x0000001dc7100000] [id=14404]
  0x00000198dd2f4040 ConcurrentGCThread "G1 Conc#0" [stack: 0x0000001dc7100000,0x0000001dc7200000] [id=15872]
  0x00000198fb32ed20 ConcurrentGCThread "G1 Refine#0" [stack: 0x0000001dc7200000,0x0000001dc7300000] [id=20392]
  0x00000198fb32f650 ConcurrentGCThread "G1 Service" [stack: 0x0000001dc7300000,0x0000001dc7400000] [id=17892]

Threads with active compile tasks:
C2 CompilerThread0    11949 2438   !   4       java.lang.ClassLoader::loadClass (121 bytes)
C1 CompilerThread0    11950 2548       3       org.gradle.internal.service.RelevantMethods$RelevantMethodsBuilder::add (101 bytes)
C2 CompilerThread1    11950 2504       4       java.net.URLClassLoader$1::run (5 bytes)

VM state: at safepoint (normal execution)

VM Mutex/Monitor currently owned by a thread:  ([mutex/lock_event])
[0x00000198dd2843e0] Threads_lock - owner thread: 0x00000198fb47aaa0
[0x00000198dd2836f0] Heap_lock - owner thread: 0x000001989f1dd230

Heap address: 0x0000000080000000, size: 2048 MB, Compressed Oops mode: 32-bit

CDS archive(s) mapped at: [0x0000019880000000-0x0000019880bd0000-0x0000019880bd0000), size 12386304, SharedBaseAddress: 0x0000019880000000, ArchiveRelocationMode: 1.
Compressed class space mapped at: 0x0000019881000000-0x000001989b000000, reserved size: 436207616
Narrow klass base: 0x0000019880000000, Narrow klass shift: 0, Narrow klass range: 0x100000000

GC Precious Log:
 CPUs: 8 total, 8 available
 Memory: 8023M
 Large Page Support: Disabled
 NUMA Support: Disabled
 Compressed Oops: Enabled (32-bit)
 Heap Region Size: 1M
 Heap Min Capacity: 8M
 Heap Initial Capacity: 126M
 Heap Max Capacity: 2G
 Pre-touch: Disabled
 Parallel Workers: 8
 Concurrent Workers: 2
 Concurrent Refinement Workers: 8
 Periodic GC: Disabled

Heap:
 garbage-first heap   total 129024K, used 87724K [0x0000000080000000, 0x0000000100000000)
  region size 1024K, 76 young (77824K), 7 survivors (7168K)
 Metaspace       used 17338K, committed 17600K, reserved 491520K
  class space    used 2463K, committed 2624K, reserved 425984K

Heap Regions: E=young(eden), S=young(survivor), O=old, HS=humongous(starts), HC=humongous(continues), CS=collection set, F=free, OA=open archive, CA=closed archive, TAMS=top-at-mark-start (previous, next)
|   0|0x0000000080000000, 0x0000000080100000, 0x0000000080100000|100%| O|  |TAMS 0x0000000080000000, 0x0000000080000000| Untracked 
|   1|0x0000000080100000, 0x0000000080200000, 0x0000000080200000|100%| O|  |TAMS 0x0000000080100000, 0x0000000080100000| Untracked 
|   2|0x0000000080200000, 0x0000000080300000, 0x0000000080300000|100%|HS|  |TAMS 0x0000000080200000, 0x0000000080200000| Complete 
|   3|0x0000000080300000, 0x0000000080400000, 0x0000000080400000|100%|HC|  |TAMS 0x0000000080300000, 0x0000000080300000| Complete 
|   4|0x0000000080400000, 0x0000000080500000, 0x0000000080500000|100%|HC|  |TAMS 0x0000000080400000, 0x0000000080400000| Complete 
|   5|0x0000000080500000, 0x0000000080600000, 0x0000000080600000|100%|HC|  |TAMS 0x0000000080500000, 0x0000000080500000| Complete 
|   6|0x0000000080600000, 0x0000000080700000, 0x0000000080700000|100%| O|  |TAMS 0x0000000080600000, 0x0000000080600000| Untracked 
|   7|0x0000000080700000, 0x0000000080800000, 0x0000000080800000|100%| O|  |TAMS 0x0000000080700000, 0x0000000080700000| Untracked 
|   8|0x0000000080800000, 0x0000000080900000, 0x0000000080900000|100%| O|  |TAMS 0x0000000080800000, 0x0000000080800000| Untracked 
|   9|0x0000000080900000, 0x0000000080a00000, 0x0000000080a00000|100%|HS|  |TAMS 0x0000000080900000, 0x0000000080900000| Complete 
|  10|0x0000000080a00000, 0x0000000080b00000, 0x0000000080b00000|100%| O|  |TAMS 0x0000000080a00000, 0x0000000080a00000| Untracked 
|  11|0x0000000080b00000, 0x0000000080c00000, 0x0000000080c00000|100%| O|  |TAMS 0x0000000080b00000, 0x0000000080b00000| Untracked 
|  12|0x0000000080c00000, 0x0000000080d00000, 0x0000000080d00000|100%| O|  |TAMS 0x0000000080c00000, 0x0000000080c00000| Untracked 
|  13|0x0000000080d00000, 0x0000000080d56aa0, 0x0000000080e00000| 33%| O|  |TAMS 0x0000000080d00000, 0x0000000080d00000| Untracked 
|  14|0x0000000080e00000, 0x0000000080e00000, 0x0000000080f00000|  0%| F|  |TAMS 0x0000000080e00000, 0x0000000080e00000| Untracked 
|  15|0x0000000080f00000, 0x0000000080f00000, 0x0000000081000000|  0%| F|  |TAMS 0x0000000080f00000, 0x0000000080f00000| Untracked 
|  16|0x0000000081000000, 0x0000000081000000, 0x0000000081100000|  0%| F|  |TAMS 0x0000000081000000, 0x0000000081000000| Untracked 
|  17|0x0000000081100000, 0x0000000081100000, 0x0000000081200000|  0%| F|  |TAMS 0x0000000081100000, 0x0000000081100000| Untracked 
|  18|0x0000000081200000, 0x0000000081200000, 0x0000000081300000|  0%| F|  |TAMS 0x0000000081200000, 0x0000000081200000| Untracked 
|  19|0x0000000081300000, 0x0000000081300000, 0x0000000081400000|  0%| F|  |TAMS 0x0000000081300000, 0x0000000081300000| Untracked 
|  20|0x0000000081400000, 0x0000000081400000, 0x0000000081500000|  0%| F|  |TAMS 0x0000000081400000, 0x0000000081400000| Untracked 
|  21|0x0000000081500000, 0x0000000081500000, 0x0000000081600000|  0%| F|  |TAMS 0x0000000081500000, 0x0000000081500000| Untracked 
|  22|0x0000000081600000, 0x0000000081600000, 0x0000000081700000|  0%| F|  |TAMS 0x0000000081600000, 0x0000000081600000| Untracked 
|  23|0x0000000081700000, 0x0000000081700000, 0x0000000081800000|  0%| F|  |TAMS 0x0000000081700000, 0x0000000081700000| Untracked 
|  24|0x0000000081800000, 0x0000000081800000, 0x0000000081900000|  0%| F|  |TAMS 0x0000000081800000, 0x0000000081800000| Untracked 
|  25|0x0000000081900000, 0x0000000081900000, 0x0000000081a00000|  0%| F|  |TAMS 0x0000000081900000, 0x0000000081900000| Untracked 
|  26|0x0000000081a00000, 0x0000000081a00000, 0x0000000081b00000|  0%| F|  |TAMS 0x0000000081a00000, 0x0000000081a00000| Untracked 
|  27|0x0000000081b00000, 0x0000000081b00000, 0x0000000081c00000|  0%| F|  |TAMS 0x0000000081b00000, 0x0000000081b00000| Untracked 
|  28|0x0000000081c00000, 0x0000000081c00000, 0x0000000081d00000|  0%| F|  |TAMS 0x0000000081c00000, 0x0000000081c00000| Untracked 
|  29|0x0000000081d00000, 0x0000000081d00000, 0x0000000081e00000|  0%| F|  |TAMS 0x0000000081d00000, 0x0000000081d00000| Untracked 
|  30|0x0000000081e00000, 0x0000000081e00000, 0x0000000081f00000|  0%| F|  |TAMS 0x0000000081e00000, 0x0000000081e00000| Untracked 
|  31|0x0000000081f00000, 0x0000000081f00000, 0x0000000082000000|  0%| F|  |TAMS 0x0000000081f00000, 0x0000000081f00000| Untracked 
|  32|0x0000000082000000, 0x0000000082000000, 0x0000000082100000|  0%| F|  |TAMS 0x0000000082000000, 0x0000000082000000| Untracked 
|  33|0x0000000082100000, 0x0000000082100000, 0x0000000082200000|  0%| F|  |TAMS 0x0000000082100000, 0x0000000082100000| Untracked 
|  34|0x0000000082200000, 0x0000000082200000, 0x0000000082300000|  0%| F|  |TAMS 0x0000000082200000, 0x0000000082200000| Untracked 
|  35|0x0000000082300000, 0x0000000082300000, 0x0000000082400000|  0%| F|  |TAMS 0x0000000082300000, 0x0000000082300000| Untracked 
|  36|0x0000000082400000, 0x0000000082400000, 0x0000000082500000|  0%| F|  |TAMS 0x0000000082400000, 0x0000000082400000| Untracked 
|  37|0x0000000082500000, 0x0000000082500000, 0x0000000082600000|  0%| F|  |TAMS 0x0000000082500000, 0x0000000082500000| Untracked 
|  38|0x0000000082600000, 0x0000000082600000, 0x0000000082700000|  0%| F|  |TAMS 0x0000000082600000, 0x0000000082600000| Untracked 
|  39|0x0000000082700000, 0x0000000082700000, 0x0000000082800000|  0%| F|  |TAMS 0x0000000082700000, 0x0000000082700000| Untracked 
|  40|0x0000000082800000, 0x0000000082800000, 0x0000000082900000|  0%| F|  |TAMS 0x0000000082800000, 0x0000000082800000| Untracked 
|  41|0x0000000082900000, 0x0000000082900000, 0x0000000082a00000|  0%| F|  |TAMS 0x0000000082900000, 0x0000000082900000| Untracked 
|  42|0x0000000082a00000, 0x0000000082a00000, 0x0000000082b00000|  0%| F|  |TAMS 0x0000000082a00000, 0x0000000082a00000| Untracked 
|  43|0x0000000082b00000, 0x0000000082b00000, 0x0000000082c00000|  0%| F|  |TAMS 0x0000000082b00000, 0x0000000082b00000| Untracked 
|  44|0x0000000082c00000, 0x0000000082cebbe0, 0x0000000082d00000| 92%| S|  |TAMS 0x0000000082c00000, 0x0000000082c00000| Complete 
|  45|0x0000000082d00000, 0x0000000082e00000, 0x0000000082e00000|100%| S|  |TAMS 0x0000000082d00000, 0x0000000082d00000| Complete 
|  46|0x0000000082e00000, 0x0000000082f00000, 0x0000000082f00000|100%| S|  |TAMS 0x0000000082e00000, 0x0000000082e00000| Complete 
|  47|0x0000000082f00000, 0x0000000083000000, 0x0000000083000000|100%| S|  |TAMS 0x0000000082f00000, 0x0000000082f00000| Complete 
|  48|0x0000000083000000, 0x0000000083100000, 0x0000000083100000|100%| S|  |TAMS 0x0000000083000000, 0x0000000083000000| Complete 
|  49|0x0000000083100000, 0x0000000083200000, 0x0000000083200000|100%| S|  |TAMS 0x0000000083100000, 0x0000000083100000| Complete 
|  50|0x0000000083200000, 0x0000000083300000, 0x0000000083300000|100%| S|  |TAMS 0x0000000083200000, 0x0000000083200000| Complete 
|  51|0x0000000083300000, 0x0000000083400000, 0x0000000083400000|100%| E|CS|TAMS 0x0000000083300000, 0x0000000083300000| Complete 
|  52|0x0000000083400000, 0x0000000083500000, 0x0000000083500000|100%| E|CS|TAMS 0x0000000083400000, 0x0000000083400000| Complete 
|  53|0x0000000083500000, 0x0000000083600000, 0x0000000083600000|100%| E|CS|TAMS 0x0000000083500000, 0x0000000083500000| Complete 
|  54|0x0000000083600000, 0x0000000083700000, 0x0000000083700000|100%| E|CS|TAMS 0x0000000083600000, 0x0000000083600000| Complete 
|  55|0x0000000083700000, 0x0000000083800000, 0x0000000083800000|100%| E|CS|TAMS 0x0000000083700000, 0x0000000083700000| Complete 
|  56|0x0000000083800000, 0x0000000083900000, 0x0000000083900000|100%| E|CS|TAMS 0x0000000083800000, 0x0000000083800000| Complete 
|  57|0x0000000083900000, 0x0000000083a00000, 0x0000000083a00000|100%| E|CS|TAMS 0x0000000083900000, 0x0000000083900000| Complete 
|  58|0x0000000083a00000, 0x0000000083b00000, 0x0000000083b00000|100%| E|CS|TAMS 0x0000000083a00000, 0x0000000083a00000| Complete 
|  59|0x0000000083b00000, 0x0000000083c00000, 0x0000000083c00000|100%| E|CS|TAMS 0x0000000083b00000, 0x0000000083b00000| Complete 
|  60|0x0000000083c00000, 0x0000000083d00000, 0x0000000083d00000|100%| E|CS|TAMS 0x0000000083c00000, 0x0000000083c00000| Complete 
|  61|0x0000000083d00000, 0x0000000083e00000, 0x0000000083e00000|100%| E|CS|TAMS 0x0000000083d00000, 0x0000000083d00000| Complete 
|  62|0x0000000083e00000, 0x0000000083f00000, 0x0000000083f00000|100%| E|CS|TAMS 0x0000000083e00000, 0x0000000083e00000| Complete 
|  63|0x0000000083f00000, 0x0000000084000000, 0x0000000084000000|100%| E|CS|TAMS 0x0000000083f00000, 0x0000000083f00000| Complete 
|  64|0x0000000084000000, 0x0000000084100000, 0x0000000084100000|100%| E|CS|TAMS 0x0000000084000000, 0x0000000084000000| Complete 
|  65|0x0000000084100000, 0x0000000084200000, 0x0000000084200000|100%| E|CS|TAMS 0x0000000084100000, 0x0000000084100000| Complete 
|  66|0x0000000084200000, 0x0000000084300000, 0x0000000084300000|100%| E|CS|TAMS 0x0000000084200000, 0x0000000084200000| Complete 
|  67|0x0000000084300000, 0x0000000084400000, 0x0000000084400000|100%| E|CS|TAMS 0x0000000084300000, 0x0000000084300000| Complete 
|  68|0x0000000084400000, 0x0000000084500000, 0x0000000084500000|100%| E|CS|TAMS 0x0000000084400000, 0x0000000084400000| Complete 
|  69|0x0000000084500000, 0x0000000084600000, 0x0000000084600000|100%| E|CS|TAMS 0x0000000084500000, 0x0000000084500000| Complete 
|  70|0x0000000084600000, 0x0000000084700000, 0x0000000084700000|100%| E|CS|TAMS 0x0000000084600000, 0x0000000084600000| Complete 
|  71|0x0000000084700000, 0x0000000084800000, 0x0000000084800000|100%| E|CS|TAMS 0x0000000084700000, 0x0000000084700000| Complete 
|  72|0x0000000084800000, 0x0000000084900000, 0x0000000084900000|100%| E|CS|TAMS 0x0000000084800000, 0x0000000084800000| Complete 
|  73|0x0000000084900000, 0x0000000084a00000, 0x0000000084a00000|100%| E|CS|TAMS 0x0000000084900000, 0x0000000084900000| Complete 
|  74|0x0000000084a00000, 0x0000000084b00000, 0x0000000084b00000|100%| E|CS|TAMS 0x0000000084a00000, 0x0000000084a00000| Complete 
|  75|0x0000000084b00000, 0x0000000084c00000, 0x0000000084c00000|100%| E|CS|TAMS 0x0000000084b00000, 0x0000000084b00000| Complete 
|  76|0x0000000084c00000, 0x0000000084d00000, 0x0000000084d00000|100%| E|CS|TAMS 0x0000000084c00000, 0x0000000084c00000| Complete 
|  77|0x0000000084d00000, 0x0000000084e00000, 0x0000000084e00000|100%| E|CS|TAMS 0x0000000084d00000, 0x0000000084d00000| Complete 
|  78|0x0000000084e00000, 0x0000000084f00000, 0x0000000084f00000|100%| E|CS|TAMS 0x0000000084e00000, 0x0000000084e00000| Complete 
|  79|0x0000000084f00000, 0x0000000085000000, 0x0000000085000000|100%| E|CS|TAMS 0x0000000084f00000, 0x0000000084f00000| Complete 
|  80|0x0000000085000000, 0x0000000085100000, 0x0000000085100000|100%| E|CS|TAMS 0x0000000085000000, 0x0000000085000000| Complete 
|  81|0x0000000085100000, 0x0000000085200000, 0x0000000085200000|100%| E|CS|TAMS 0x0000000085100000, 0x0000000085100000| Complete 
|  82|0x0000000085200000, 0x0000000085300000, 0x0000000085300000|100%| E|CS|TAMS 0x0000000085200000, 0x0000000085200000| Complete 
|  83|0x0000000085300000, 0x0000000085400000, 0x0000000085400000|100%| E|CS|TAMS 0x0000000085300000, 0x0000000085300000| Complete 
|  84|0x0000000085400000, 0x0000000085500000, 0x0000000085500000|100%| E|CS|TAMS 0x0000000085400000, 0x0000000085400000| Complete 
|  85|0x0000000085500000, 0x0000000085600000, 0x0000000085600000|100%| E|CS|TAMS 0x0000000085500000, 0x0000000085500000| Complete 
|  86|0x0000000085600000, 0x0000000085700000, 0x0000000085700000|100%| E|CS|TAMS 0x0000000085600000, 0x0000000085600000| Complete 
|  87|0x0000000085700000, 0x0000000085800000, 0x0000000085800000|100%| E|CS|TAMS 0x0000000085700000, 0x0000000085700000| Complete 
|  88|0x0000000085800000, 0x0000000085900000, 0x0000000085900000|100%| E|CS|TAMS 0x0000000085800000, 0x0000000085800000| Complete 
|  89|0x0000000085900000, 0x0000000085a00000, 0x0000000085a00000|100%| E|CS|TAMS 0x0000000085900000, 0x0000000085900000| Complete 
|  90|0x0000000085a00000, 0x0000000085b00000, 0x0000000085b00000|100%| E|CS|TAMS 0x0000000085a00000, 0x0000000085a00000| Complete 
|  91|0x0000000085b00000, 0x0000000085c00000, 0x0000000085c00000|100%| E|CS|TAMS 0x0000000085b00000, 0x0000000085b00000| Complete 
|  92|0x0000000085c00000, 0x0000000085d00000, 0x0000000085d00000|100%| E|CS|TAMS 0x0000000085c00000, 0x0000000085c00000| Complete 
|  93|0x0000000085d00000, 0x0000000085e00000, 0x0000000085e00000|100%| E|CS|TAMS 0x0000000085d00000, 0x0000000085d00000| Complete 
|  94|0x0000000085e00000, 0x0000000085f00000, 0x0000000085f00000|100%| E|CS|TAMS 0x0000000085e00000, 0x0000000085e00000| Complete 
|  95|0x0000000085f00000, 0x0000000086000000, 0x0000000086000000|100%| E|CS|TAMS 0x0000000085f00000, 0x0000000085f00000| Complete 
|  96|0x0000000086000000, 0x0000000086100000, 0x0000000086100000|100%| E|CS|TAMS 0x0000000086000000, 0x0000000086000000| Complete 
|  97|0x0000000086100000, 0x0000000086200000, 0x0000000086200000|100%| E|CS|TAMS 0x0000000086100000, 0x0000000086100000| Complete 
|  98|0x0000000086200000, 0x0000000086300000, 0x0000000086300000|100%| E|CS|TAMS 0x0000000086200000, 0x0000000086200000| Complete 
|  99|0x0000000086300000, 0x0000000086400000, 0x0000000086400000|100%| E|CS|TAMS 0x0000000086300000, 0x0000000086300000| Complete 
| 100|0x0000000086400000, 0x0000000086500000, 0x0000000086500000|100%| E|CS|TAMS 0x0000000086400000, 0x0000000086400000| Complete 
| 101|0x0000000086500000, 0x0000000086600000, 0x0000000086600000|100%| E|CS|TAMS 0x0000000086500000, 0x0000000086500000| Complete 
| 102|0x0000000086600000, 0x0000000086700000, 0x0000000086700000|100%| E|CS|TAMS 0x0000000086600000, 0x0000000086600000| Complete 
| 103|0x0000000086700000, 0x0000000086800000, 0x0000000086800000|100%| E|CS|TAMS 0x0000000086700000, 0x0000000086700000| Complete 
| 104|0x0000000086800000, 0x0000000086900000, 0x0000000086900000|100%| E|CS|TAMS 0x0000000086800000, 0x0000000086800000| Complete 
| 105|0x0000000086900000, 0x0000000086a00000, 0x0000000086a00000|100%| E|CS|TAMS 0x0000000086900000, 0x0000000086900000| Complete 
| 106|0x0000000086a00000, 0x0000000086b00000, 0x0000000086b00000|100%| E|CS|TAMS 0x0000000086a00000, 0x0000000086a00000| Complete 
| 107|0x0000000086b00000, 0x0000000086c00000, 0x0000000086c00000|100%| E|CS|TAMS 0x0000000086b00000, 0x0000000086b00000| Complete 
| 108|0x0000000086c00000, 0x0000000086d00000, 0x0000000086d00000|100%| E|CS|TAMS 0x0000000086c00000, 0x0000000086c00000| Complete 
| 109|0x0000000086d00000, 0x0000000086e00000, 0x0000000086e00000|100%| E|CS|TAMS 0x0000000086d00000, 0x0000000086d00000| Complete 
| 110|0x0000000086e00000, 0x0000000086f00000, 0x0000000086f00000|100%| E|CS|TAMS 0x0000000086e00000, 0x0000000086e00000| Complete 
| 111|0x0000000086f00000, 0x0000000087000000, 0x0000000087000000|100%| E|CS|TAMS 0x0000000086f00000, 0x0000000086f00000| Complete 
| 112|0x0000000087000000, 0x0000000087100000, 0x0000000087100000|100%| E|CS|TAMS 0x0000000087000000, 0x0000000087000000| Complete 
| 113|0x0000000087100000, 0x0000000087200000, 0x0000000087200000|100%| E|CS|TAMS 0x0000000087100000, 0x0000000087100000| Complete 
| 114|0x0000000087200000, 0x0000000087300000, 0x0000000087300000|100%| E|CS|TAMS 0x0000000087200000, 0x0000000087200000| Complete 
| 115|0x0000000087300000, 0x0000000087400000, 0x0000000087400000|100%| E|CS|TAMS 0x0000000087300000, 0x0000000087300000| Complete 
| 116|0x0000000087400000, 0x0000000087500000, 0x0000000087500000|100%| E|CS|TAMS 0x0000000087400000, 0x0000000087400000| Complete 
| 117|0x0000000087500000, 0x0000000087600000, 0x0000000087600000|100%| E|CS|TAMS 0x0000000087500000, 0x0000000087500000| Complete 
| 118|0x0000000087600000, 0x0000000087700000, 0x0000000087700000|100%| E|CS|TAMS 0x0000000087600000, 0x0000000087600000| Complete 
| 119|0x0000000087700000, 0x0000000087800000, 0x0000000087800000|100%| E|CS|TAMS 0x0000000087700000, 0x0000000087700000| Complete 
| 120|0x0000000087800000, 0x0000000087900000, 0x0000000087900000|100%| E|CS|TAMS 0x0000000087800000, 0x0000000087800000| Complete 
| 121|0x0000000087900000, 0x0000000087a00000, 0x0000000087a00000|100%| E|CS|TAMS 0x0000000087900000, 0x0000000087900000| Complete 
| 122|0x0000000087a00000, 0x0000000087b00000, 0x0000000087b00000|100%| E|CS|TAMS 0x0000000087a00000, 0x0000000087a00000| Complete 
| 123|0x0000000087b00000, 0x0000000087c00000, 0x0000000087c00000|100%| E|CS|TAMS 0x0000000087b00000, 0x0000000087b00000| Complete 
| 124|0x0000000087c00000, 0x0000000087d00000, 0x0000000087d00000|100%| E|CS|TAMS 0x0000000087c00000, 0x0000000087c00000| Complete 
| 125|0x0000000087d00000, 0x0000000087e00000, 0x0000000087e00000|100%| E|CS|TAMS 0x0000000087d00000, 0x0000000087d00000| Complete 

Card table byte_map: [0x00000198f4240000,0x00000198f4640000] _byte_map_base: 0x00000198f3e40000

Marking Bits (Prev, Next): (CMBitMap*) 0x00000198dd2e2140, (CMBitMap*) 0x00000198dd2e2180
 Prev Bits: [0x00000198f4a40000, 0x00000198f6a40000)
 Next Bits: [0x00000198f6a40000, 0x00000198f8a40000)

Polling page: 0x00000198db270000

Metaspace:

Usage:
  Non-class:     14.53 MB used.
      Class:      2.41 MB used.
       Both:     16.93 MB used.

Virtual space:
  Non-class space:       64.00 MB reserved,      14.62 MB ( 23%) committed,  1 nodes.
      Class space:      416.00 MB reserved,       2.56 MB ( <1%) committed,  1 nodes.
             Both:      480.00 MB reserved,      17.19 MB (  4%) committed. 

Chunk freelists:
   Non-Class:  1.19 MB
       Class:  13.47 MB
        Both:  14.66 MB

MaxMetaspaceSize: 512.00 MB
CompressedClassSpaceSize: 416.00 MB
Initial GC threshold: 21.00 MB
Current GC threshold: 21.00 MB
CDS: on
MetaspaceReclaimPolicy: balanced
 - commit_granule_bytes: 65536.
 - commit_granule_words: 8192.
 - virtual_space_node_default_size: 8388608.
 - enlarge_chunks_in_place: 1.
 - new_chunks_are_fully_committed: 0.
 - uncommit_free_chunks: 1.
 - use_allocation_guard: 0.
 - handle_deallocations: 1.


Internal statistics:

num_allocs_failed_limit: 0.
num_arena_births: 196.
num_arena_deaths: 0.
num_vsnodes_births: 2.
num_vsnodes_deaths: 0.
num_space_committed: 275.
num_space_uncommitted: 0.
num_chunks_returned_to_freelist: 0.
num_chunks_taken_from_freelist: 770.
num_chunk_merges: 0.
num_chunk_splits: 509.
num_chunks_enlarged: 386.
num_inconsistent_stats: 0.

CodeHeap 'non-profiled nmethods': size=120000Kb used=1264Kb max_used=1264Kb free=118735Kb
 bounds [0x00000198ec5e0000, 0x00000198ec850000, 0x00000198f3b10000]
CodeHeap 'profiled nmethods': size=120000Kb used=5248Kb max_used=5248Kb free=114751Kb
 bounds [0x00000198e4b10000, 0x00000198e5040000, 0x00000198ec040000]
CodeHeap 'non-nmethods': size=5760Kb used=1232Kb max_used=1291Kb free=4527Kb
 bounds [0x00000198ec040000, 0x00000198ec2b0000, 0x00000198ec5e0000]
 total_blobs=3080 nmethods=2541 adapters=451
 compilation: enabled
              stopped_count=0, restarted_count=0
 full_count=0

Compilation events (20 events):
Event: 11.524 Thread 0x00000198fb4aaf40 nmethod 2536 0x00000198e5027e90 code [0x00000198e5028040, 0x00000198e50283f8]
Event: 11.534 Thread 0x00000198fb4aaf40 2538       3       java.util.regex.Pattern$TreeInfo::reset (21 bytes)
Event: 11.534 Thread 0x00000198fb4aaf40 nmethod 2538 0x00000198e5028510 code [0x00000198e50286a0, 0x00000198e50287b8]
Event: 11.534 Thread 0x00000198fb4aaf40 2539       3       java.util.regex.Matcher::matches (10 bytes)
Event: 11.534 Thread 0x00000198fb4aaf40 nmethod 2539 0x00000198e5028890 code [0x00000198e5028a20, 0x00000198e5028b68]
Event: 11.555 Thread 0x00000198fb4aaf40 2540       3       org.gradle.internal.service.DefaultServiceRegistry$FactoryMethodService::getMethod (46 bytes)
Event: 11.557 Thread 0x00000198fb4aaf40 nmethod 2540 0x00000198e5028c10 code [0x00000198e5028e60, 0x00000198e5029588]
Event: 11.597 Thread 0x00000198fb4aaf40 2542       3       java.lang.reflect.Constructor::getRoot (5 bytes)
Event: 11.597 Thread 0x00000198fb4aaf40 nmethod 2542 0x00000198e5029890 code [0x00000198e5029a20, 0x00000198e5029b38]
Event: 11.605 Thread 0x00000198fb4aaf40 2543       3       org.gradle.internal.service.DefaultServiceRegistry::find (151 bytes)
Event: 11.611 Thread 0x00000198fb4aaf40 nmethod 2543 0x00000198e5029c10 code [0x00000198e5029fe0, 0x00000198e502bcd8]
Event: 11.616 Thread 0x00000198fb4aaf40 2544       3       java.util.stream.ReferencePipeline$3$1::accept (23 bytes)
Event: 11.616 Thread 0x00000198fb4aaf40 nmethod 2544 0x00000198e502c510 code [0x00000198e502c6c0, 0x00000198e502c978]
Event: 11.676 Thread 0x00000198fb4aaf40 2545   !   3       java.util.concurrent.LinkedBlockingQueue::poll (128 bytes)
Event: 11.681 Thread 0x00000198fb4aaf40 nmethod 2545 0x00000198e502ca90 code [0x00000198e502ce80, 0x00000198e502ebf8]
Event: 11.752 Thread 0x00000198fb4aaf40 2546       3       org.gradle.launcher.daemon.server.exec.DaemonConnectionBackedEventConsumer$ForwardEvents::moreMessagesToSend (35 bytes)
Event: 11.753 Thread 0x00000198fb4aaf40 nmethod 2546 0x00000198e502f890 code [0x00000198e502fa40, 0x00000198e502fd08]
Event: 11.753 Thread 0x00000198fb4aaf40 2547   !   3       org.gradle.launcher.daemon.server.exec.DaemonConnectionBackedEventConsumer$ForwardEvents::getNextEvent (27 bytes)
Event: 11.753 Thread 0x00000198fb4aaf40 nmethod 2547 0x00000198e502fe10 code [0x00000198e502ffc0, 0x00000198e5030248]
Event: 11.803 Thread 0x00000198fb4aaf40 2548       3       org.gradle.internal.service.RelevantMethods$RelevantMethodsBuilder::add (101 bytes)

GC Heap History (7 events):
Event: 1.634 GC heap before
{Heap before GC invocations=0 (full 0):
 garbage-first heap   total 129024K, used 22528K [0x0000000080000000, 0x0000000100000000)
  region size 1024K, 23 young (23552K), 0 survivors (0K)
 Metaspace       used 1096K, committed 1216K, reserved 491520K
  class space    used 72K, committed 128K, reserved 425984K
}
Event: 1.640 GC heap after
{Heap after GC invocations=1 (full 0):
 garbage-first heap   total 129024K, used 4765K [0x0000000080000000, 0x0000000100000000)
  region size 1024K, 3 young (3072K), 3 survivors (3072K)
 Metaspace       used 1096K, committed 1216K, reserved 491520K
  class space    used 72K, committed 128K, reserved 425984K
}
Event: 3.500 GC heap before
{Heap before GC invocations=1 (full 0):
 garbage-first heap   total 129024K, used 39581K [0x0000000080000000, 0x0000000100000000)
  region size 1024K, 34 young (34816K), 3 survivors (3072K)
 Metaspace       used 4366K, committed 4544K, reserved 491520K
  class space    used 541K, committed 640K, reserved 425984K
}
Event: 3.508 GC heap after
{Heap after GC invocations=2 (full 0):
 garbage-first heap   total 129024K, used 11495K [0x0000000080000000, 0x0000000100000000)
  region size 1024K, 4 young (4096K), 4 survivors (4096K)
 Metaspace       used 4366K, committed 4544K, reserved 491520K
  class space    used 541K, committed 640K, reserved 425984K
}
Event: 4.909 GC heap before
{Heap before GC invocations=2 (full 0):
 garbage-first heap   total 129024K, used 58599K [0x0000000080000000, 0x0000000100000000)
  region size 1024K, 48 young (49152K), 4 survivors (4096K)
 Metaspace       used 4909K, committed 5056K, reserved 491520K
  class space    used 634K, committed 704K, reserved 425984K
}
Event: 4.920 GC heap after
{Heap after GC invocations=3 (full 0):
 garbage-first heap   total 129024K, used 17068K [0x0000000080000000, 0x0000000100000000)
  region size 1024K, 6 young (6144K), 6 survivors (6144K)
 Metaspace       used 4909K, committed 5056K, reserved 491520K
  class space    used 634K, committed 704K, reserved 425984K
}
Event: 11.804 GC heap before
{Heap before GC invocations=3 (full 0):
 garbage-first heap   total 129024K, used 87724K [0x0000000080000000, 0x0000000100000000)
  region size 1024K, 75 young (76800K), 6 survivors (6144K)
 Metaspace       used 17338K, committed 17600K, reserved 491520K
  class space    used 2463K, committed 2624K, reserved 425984K
}

Deoptimization events (20 events):
Event: 7.938 Thread 0x000001989f1dd230 DEOPT PACKING pc=0x00000198ec621ea4 sp=0x0000001dc8bfc4b0
Event: 7.938 Thread 0x000001989f1dd230 DEOPT UNPACKING pc=0x00000198ec0923a3 sp=0x0000001dc8bfc440 mode 2
Event: 7.972 Thread 0x000001989f1dd230 Uncommon trap: trap_request=0xffffff45 fr.pc=0x00000198ec6b0388 relative=0x00000000000003c8
Event: 7.972 Thread 0x000001989f1dd230 Uncommon trap: reason=unstable_if action=reinterpret pc=0x00000198ec6b0388 method=java.util.concurrent.ConcurrentHashMap.get(Ljava/lang/Object;)Ljava/lang/Object; @ 76 c2
Event: 7.972 Thread 0x000001989f1dd230 DEOPT PACKING pc=0x00000198ec6b0388 sp=0x0000001dc8bfb970
Event: 7.972 Thread 0x000001989f1dd230 DEOPT UNPACKING pc=0x00000198ec0923a3 sp=0x0000001dc8bfb8e8 mode 2
Event: 10.081 Thread 0x000001989f1dd230 DEOPT PACKING pc=0x00000198e4bf58bd sp=0x0000001dc8bfa760
Event: 10.081 Thread 0x000001989f1dd230 DEOPT UNPACKING pc=0x00000198ec092b43 sp=0x0000001dc8bf9bf8 mode 0
Event: 10.212 Thread 0x000001989f1dd230 Uncommon trap: trap_request=0xffffff45 fr.pc=0x00000198ec603768 relative=0x0000000000000ae8
Event: 10.213 Thread 0x000001989f1dd230 Uncommon trap: reason=unstable_if action=reinterpret pc=0x00000198ec603768 method=java.io.WinNTFileSystem.resolve(Ljava/lang/String;Ljava/lang/String;)Ljava/lang/String; @ 19 c2
Event: 10.213 Thread 0x000001989f1dd230 DEOPT PACKING pc=0x00000198ec603768 sp=0x0000001dc8bfb440
Event: 10.213 Thread 0x000001989f1dd230 DEOPT UNPACKING pc=0x00000198ec0923a3 sp=0x0000001dc8bfb3e8 mode 2
Event: 10.216 Thread 0x000001989f1dd230 Uncommon trap: trap_request=0xffffff45 fr.pc=0x00000198ec67dbe0 relative=0x0000000000000620
Event: 10.216 Thread 0x000001989f1dd230 Uncommon trap: reason=unstable_if action=reinterpret pc=0x00000198ec67dbe0 method=java.io.File.getName()Ljava/lang/String; @ 16 c2
Event: 10.216 Thread 0x000001989f1dd230 DEOPT PACKING pc=0x00000198ec67dbe0 sp=0x0000001dc8bfb3f0
Event: 10.217 Thread 0x000001989f1dd230 DEOPT UNPACKING pc=0x00000198ec0923a3 sp=0x0000001dc8bfb3c0 mode 2
Event: 10.448 Thread 0x000001989f1dd230 Uncommon trap: trap_request=0xffffff45 fr.pc=0x00000198ec688b84 relative=0x00000000000000e4
Event: 10.448 Thread 0x000001989f1dd230 Uncommon trap: reason=unstable_if action=reinterpret pc=0x00000198ec688b84 method=java.util.HashMap.hash(Ljava/lang/Object;)I @ 1 c2
Event: 10.448 Thread 0x000001989f1dd230 DEOPT PACKING pc=0x00000198ec688b84 sp=0x0000001dc8bfc3a0
Event: 10.448 Thread 0x000001989f1dd230 DEOPT UNPACKING pc=0x00000198ec0923a3 sp=0x0000001dc8bfc2e0 mode 2

Classes unloaded (0 events):
No events

Classes redefined (0 events):
No events

Internal exceptions (20 events):
Event: 6.829 Thread 0x00000198dd288820 Exception <a 'java/lang/NoSuchMethodError'{0x0000000086c5bf08}: 'java.lang.Object java.lang.invoke.DirectMethodHandle$Holder.newInvokeSpecial(java.lang.Object, java.lang.Object, java.lang.Object, java.lang.Object, java.lang.Object)'> (0x0000000086c5bf08) 
thrown [s\open\src\hotspot\share\interpreter\linkResolver.cpp, line 759]
Event: 7.166 Thread 0x000001989f1deb80 Exception <a 'java/lang/NoSuchMethodError'{0x00000000869f5c38}: 'void java.lang.invoke.DirectMethodHandle$Holder.invokeSpecial(java.lang.Object, java.lang.Object, java.lang.Object)'> (0x00000000869f5c38) 
thrown [s\open\src\hotspot\share\interpreter\linkResolver.cpp, line 759]
Event: 7.428 Thread 0x000001989f1dd230 Exception <a 'java/lang/NoSuchMethodError'{0x00000000864e2790}: 'long java.lang.invoke.DirectMethodHandle$Holder.invokeInterface(java.lang.Object, java.lang.Object)'> (0x00000000864e2790) 
thrown [s\open\src\hotspot\share\interpreter\linkResolver.cpp, line 759]
Event: 7.873 Thread 0x000001989f1dd230 Exception <a 'java/lang/NoSuchMethodError'{0x0000000085f5b378}: 'void java.lang.invoke.DirectMethodHandle$Holder.invokeStatic(java.lang.Object, java.lang.Object)'> (0x0000000085f5b378) 
thrown [s\open\src\hotspot\share\interpreter\linkResolver.cpp, line 759]
Event: 7.991 Thread 0x000001989f1dd230 Exception <a 'java/lang/NoSuchMethodError'{0x0000000085d76620}: 'int java.lang.invoke.DirectMethodHandle$Holder.invokeVirtual(java.lang.Object, java.lang.Object, java.lang.Object)'> (0x0000000085d76620) 
thrown [s\open\src\hotspot\share\interpreter\linkResolver.cpp, line 759]
Event: 8.171 Thread 0x000001989f1dd230 Exception <a 'java/lang/NoSuchMethodError'{0x0000000085a046b0}: 'java.lang.Object java.lang.invoke.DirectMethodHandle$Holder.newInvokeSpecial(java.lang.Object, java.lang.Object, java.lang.Object, java.lang.Object, java.lang.Object, java.lang.Object)'> (0x0000000085a046b0) 
thrown [s\open\src\hotspot\share\interpreter\linkResolver.cpp, line 759]
Event: 8.180 Thread 0x000001989f1dd230 Exception <a 'java/lang/NoSuchMethodError'{0x0000000085a21598}: 'void java.lang.invoke.DirectMethodHandle$Holder.invokeSpecial(java.lang.Object, java.lang.Object, java.lang.Object, java.lang.Object, java.lang.Object)'> (0x0000000085a21598) 
thrown [s\open\src\hotspot\share\interpreter\linkResolver.cpp, line 759]
Event: 8.183 Thread 0x000001989f1dd230 Exception <a 'java/lang/NoSuchMethodError'{0x0000000085a34fc0}: 'void java.lang.invoke.DirectMethodHandle$Holder.invokeStaticInit(java.lang.Object, java.lang.Object)'> (0x0000000085a34fc0) 
thrown [s\open\src\hotspot\share\interpreter\linkResolver.cpp, line 759]
Event: 8.415 Thread 0x000001989f1dd230 Exception <a 'java/lang/NoSuchMethodError'{0x000000008570cf88}: 'void java.lang.invoke.DelegatingMethodHandle$Holder.reinvoke_L(java.lang.Object, java.lang.Object, java.lang.Object, java.lang.Object, java.lang.Object, java.lang.Object, java.lang.Object, java.lang.Object, java.lang.Object, java.lang.Object)'> (0x000000008570cf88) 
thrown [s\open\src\hotspot\share\interpreter\linkResolver.cpp, line 759]
Event: 8.431 Thread 0x000001989f1dd230 Exception <a 'java/lang/NoSuchMethodError'{0x00000000857153f8}: 'java.lang.Object java.lang.invoke.DirectMethodHandle$Holder.invokeSpecial(java.lang.Object, java.lang.Object, java.lang.Object, java.lang.Object, java.lang.Object, java.lang.Object, java.lang.Object, java.lang.Object, java.lang.Object, java.lang.Object)'> (0x00000000857153f8) 
thrown [s\open\src\hotspot\share\interpreter\linkResolver.cpp, line 759]
Event: 8.433 Thread 0x000001989f1dd230 Exception <a 'java/lang/NoSuchMethodError'{0x0000000085719cc8}: 'java.lang.Object java.lang.invoke.Invokers$Holder.invoker(java.lang.Object, java.lang.Object, java.lang.Object, java.lang.Object, java.lang.Object, java.lang.Object, java.lang.Object, java.lang.Object, java.lang.Object, java.lang.Object)'> (0x0000000085719cc8) 
thrown [s\open\src\hotspot\share\interpreter\linkResolver.cpp, line 759]
Event: 8.434 Thread 0x000001989f1dd230 Exception <a 'java/lang/NoSuchMethodError'{0x000000008571f8d0}: 'java.lang.Object java.lang.invoke.DirectMethodHandle$Holder.invokeSpecial(java.lang.Object, java.lang.Object, java.lang.Object, java.lang.Object, java.lang.Object, java.lang.Object, java.lang.Object, java.lang.Object, java.lang.Object, java.lang.Object, java.lang.Object)'> (0x000000008571f8d0) 
thrown [s\open\src\hotspot\share\interpreter\linkResolver.cpp, line 759]
Event: 9.122 Thread 0x000001989f1dd230 Exception <a 'java/lang/NoSuchMethodError'{0x0000000085066340}: 'java.lang.Object java.lang.invoke.DirectMethodHandle$Holder.newInvokeSpecial(java.lang.Object, java.lang.Object, int)'> (0x0000000085066340) 
thrown [s\open\src\hotspot\share\interpreter\linkResolver.cpp, line 759]
Event: 10.324 Thread 0x000001989f1dd230 Exception <a 'java/lang/NoSuchMethodError'{0x0000000084411ab0}: 'int java.lang.invoke.DirectMethodHandle$Holder.invokeSpecialIFC(java.lang.Object, java.lang.Object, java.lang.Object, java.lang.Object)'> (0x0000000084411ab0) 
thrown [s\open\src\hotspot\share\interpreter\linkResolver.cpp, line 759]
Event: 10.332 Thread 0x000001989f1dd230 Exception <a 'java/lang/NoSuchMethodError'{0x0000000084420bc8}: 'java.lang.Object java.lang.invoke.DirectMethodHandle$Holder.invokeInterface(java.lang.Object, java.lang.Object, java.lang.Object)'> (0x0000000084420bc8) 
thrown [s\open\src\hotspot\share\interpreter\linkResolver.cpp, line 759]
Event: 10.353 Thread 0x000001989f1dd230 Exception <a 'java/lang/IncompatibleClassChangeError'{0x0000000084424a88}: Found class java.lang.Object, but interface was expected> (0x0000000084424a88) 
thrown [s\open\src\hotspot\share\interpreter\linkResolver.cpp, line 826]
Event: 10.448 Thread 0x000001989f1dd230 Implicit null exception at 0x00000198ec688ae0 to 0x00000198ec688b7a
Event: 10.504 Thread 0x000001989f1dd230 Exception <a 'java/lang/NoSuchMethodError'{0x00000000842146a8}: 'int java.lang.invoke.DirectMethodHandle$Holder.invokeStatic(java.lang.Object, java.lang.Object, java.lang.Object, java.lang.Object)'> (0x00000000842146a8) 
thrown [s\open\src\hotspot\share\interpreter\linkResolver.cpp, line 759]
Event: 10.506 Thread 0x000001989f1dd230 Exception <a 'java/lang/NoSuchMethodError'{0x0000000084218578}: 'java.lang.Object java.lang.invoke.Invokers$Holder.invokeExact_MT(java.lang.Object, java.lang.Object, java.lang.Object, java.lang.Object, java.lang.Object, java.lang.Object)'> (0x0000000084218578) 
thrown [s\open\src\hotspot\share\interpreter\linkResolver.cpp, line 759]
Event: 11.625 Thread 0x000001989f1dd230 Exception <a 'java/lang/NoSuchMethodError'{0x00000000835117d8}: 'int java.lang.invoke.DirectMethodHandle$Holder.invokeStaticInit(java.lang.Object, java.lang.Object, java.lang.Object)'> (0x00000000835117d8) 
thrown [s\open\src\hotspot\share\interpreter\linkResolver.cpp, line 759]

VM Operations (20 events):
Event: 5.992 Executing VM operation: HandshakeAllThreads done
Event: 5.992 Executing VM operation: Cleanup
Event: 5.992 Executing VM operation: Cleanup done
Event: 6.654 Executing VM operation: HandshakeAllThreads
Event: 6.655 Executing VM operation: HandshakeAllThreads done
Event: 6.897 Executing VM operation: HandshakeAllThreads
Event: 6.897 Executing VM operation: HandshakeAllThreads done
Event: 7.904 Executing VM operation: Cleanup
Event: 7.904 Executing VM operation: Cleanup done
Event: 8.906 Executing VM operation: Cleanup
Event: 8.907 Executing VM operation: Cleanup done
Event: 10.666 Executing VM operation: HandshakeAllThreads
Event: 10.666 Executing VM operation: HandshakeAllThreads done
Event: 10.666 Executing VM operation: Cleanup
Event: 10.667 Executing VM operation: Cleanup done
Event: 10.667 Executing VM operation: HandshakeAllThreads
Event: 10.667 Executing VM operation: HandshakeAllThreads done
Event: 11.675 Executing VM operation: Cleanup
Event: 11.675 Executing VM operation: Cleanup done
Event: 11.803 Executing VM operation: G1CollectForAllocation

Events (20 events):
Event: 10.358 loading class java/util/stream/ReduceOps$1 done
Event: 10.359 loading class java/util/stream/ReduceOps$1ReducingSink
Event: 10.360 loading class java/util/stream/ReduceOps$1ReducingSink done
Event: 10.939 Thread 0x000001989f6f14a0 Thread added: 0x000001989f6f14a0
Event: 10.994 loading class java/util/function/LongFunction
Event: 10.995 loading class java/util/function/LongFunction done
Event: 11.278 loading class java/security/InvalidKeyException
Event: 11.279 loading class java/security/KeyException
Event: 11.279 loading class java/security/KeyException done
Event: 11.279 loading class java/security/InvalidKeyException done
Event: 11.563 loading class java/io/ObjectOutputStream
Event: 11.564 loading class java/io/ObjectOutput
Event: 11.564 loading class java/io/ObjectOutput done
Event: 11.564 loading class java/io/ObjectStreamConstants
Event: 11.565 loading class java/io/ObjectStreamConstants done
Event: 11.565 loading class java/io/ObjectOutputStream done
Event: 11.566 loading class java/io/ObjectInputStream
Event: 11.568 loading class java/io/ObjectInput
Event: 11.568 loading class java/io/ObjectInput done
Event: 11.568 loading class java/io/ObjectInputStream done


Dynamic libraries:
0x00007ff794d20000 - 0x00007ff794d30000 	C:\Program Files\Java\jdk-17\bin\java.exe
0x00007ffcc7690000 - 0x00007ffcc7888000 	C:\WINDOWS\SYSTEM32\ntdll.dll
0x00007ffcc6f70000 - 0x00007ffcc7032000 	C:\WINDOWS\System32\KERNEL32.DLL
0x00007ffcc5310000 - 0x00007ffcc560e000 	C:\WINDOWS\System32\KERNELBASE.dll
0x0000000077480000 - 0x00000000777b2000 	C:\Program Files\Norton Security\NortonData\22.22.11.12\Definitions\IPSDefs\20240411.064\IPSEng64.dll
0x00007ffcc6da0000 - 0x00007ffcc6e52000 	C:\WINDOWS\System32\ADVAPI32.dll
0x00007ffcc65e0000 - 0x00007ffcc667e000 	C:\WINDOWS\System32\msvcrt.dll
0x00007ffcc6ba0000 - 0x00007ffcc6c40000 	C:\WINDOWS\System32\sechost.dll
0x00007ffcc5870000 - 0x00007ffcc5993000 	C:\WINDOWS\System32\RPCRT4.dll
0x00007ffcc5230000 - 0x00007ffcc5257000 	C:\WINDOWS\System32\bcrypt.dll
0x00007ffcc6680000 - 0x00007ffcc6688000 	C:\WINDOWS\System32\PSAPI.DLL
0x00007ffcc4fd0000 - 0x00007ffcc50d0000 	C:\WINDOWS\System32\ucrtbase.dll
0x00007ffc960a0000 - 0x00007ffc960bb000 	C:\Program Files\Java\jdk-17\bin\VCRUNTIME140.dll
0x00007ffca4660000 - 0x00007ffca4679000 	C:\Program Files\Java\jdk-17\bin\jli.dll
0x00007ffcb2530000 - 0x00007ffcb27ca000 	C:\WINDOWS\WinSxS\amd64_microsoft.windows.common-controls_6595b64144ccf1df_6.0.19041.4355_none_60b8b9eb71f62e16\COMCTL32.dll
0x00007ffcc6a00000 - 0x00007ffcc6b9d000 	C:\WINDOWS\System32\USER32.dll
0x00007ffcc6690000 - 0x00007ffcc66bb000 	C:\WINDOWS\System32\GDI32.dll
0x00007ffcc5610000 - 0x00007ffcc5632000 	C:\WINDOWS\System32\win32u.dll
0x00007ffcc4d30000 - 0x00007ffcc4e47000 	C:\WINDOWS\System32\gdi32full.dll
0x00007ffcc4e50000 - 0x00007ffcc4eed000 	C:\WINDOWS\System32\msvcp_win.dll
0x00007ffcbdc80000 - 0x00007ffcbdc8a000 	C:\WINDOWS\SYSTEM32\VERSION.dll
0x00007ffcc59a0000 - 0x00007ffcc59cf000 	C:\WINDOWS\System32\IMM32.DLL
0x00007ffcb8f60000 - 0x00007ffcb8f6c000 	C:\Program Files\Java\jdk-17\bin\vcruntime140_1.dll
0x00007ffc8bda0000 - 0x00007ffc8be2e000 	C:\Program Files\Java\jdk-17\bin\msvcp140.dll
0x00007ffc7d970000 - 0x00007ffc7e54f000 	C:\Program Files\Java\jdk-17\bin\server\jvm.dll
0x00007ffc96760000 - 0x00007ffc96769000 	C:\WINDOWS\SYSTEM32\WSOCK32.dll
0x00007ffcb9710000 - 0x00007ffcb9737000 	C:\WINDOWS\SYSTEM32\WINMM.dll
0x00007ffcc7510000 - 0x00007ffcc757b000 	C:\WINDOWS\System32\WS2_32.dll
0x00007ffcc3510000 - 0x00007ffcc3522000 	C:\WINDOWS\SYSTEM32\kernel.appcore.dll
0x00007ffc95460000 - 0x00007ffc9546a000 	C:\Program Files\Java\jdk-17\bin\jimage.dll
0x00007ffcc3230000 - 0x00007ffcc3414000 	C:\WINDOWS\SYSTEM32\DBGHELP.DLL
0x00007ffcab790000 - 0x00007ffcab7c4000 	C:\WINDOWS\SYSTEM32\dbgcore.DLL
0x00007ffcc4ef0000 - 0x00007ffcc4f72000 	C:\WINDOWS\System32\bcryptPrimitives.dll
0x00007ffc92ed0000 - 0x00007ffc92ede000 	C:\Program Files\Java\jdk-17\bin\instrument.dll
0x00007ffc92ea0000 - 0x00007ffc92ec5000 	C:\Program Files\Java\jdk-17\bin\java.dll
0x00007ffc83840000 - 0x00007ffc83917000 	C:\Program Files\Java\jdk-17\bin\jsvml.dll
0x00007ffcc59d0000 - 0x00007ffcc613f000 	C:\WINDOWS\System32\SHELL32.dll
0x00007ffcc29b0000 - 0x00007ffcc3154000 	C:\WINDOWS\SYSTEM32\windows.storage.dll
0x00007ffcc71b0000 - 0x00007ffcc7503000 	C:\WINDOWS\System32\combase.dll
0x00007ffcc4760000 - 0x00007ffcc478e000 	C:\WINDOWS\SYSTEM32\Wldp.dll
0x00007ffcc7580000 - 0x00007ffcc764d000 	C:\WINDOWS\System32\OLEAUT32.dll
0x00007ffcc6ec0000 - 0x00007ffcc6f6d000 	C:\WINDOWS\System32\SHCORE.dll
0x00007ffcc7040000 - 0x00007ffcc7095000 	C:\WINDOWS\System32\shlwapi.dll
0x00007ffcc4c60000 - 0x00007ffcc4c84000 	C:\WINDOWS\SYSTEM32\profapi.dll
0x00007ffc8f870000 - 0x00007ffc8f888000 	C:\Program Files\Java\jdk-17\bin\zip.dll
0x00007ffc8f850000 - 0x00007ffc8f869000 	C:\Program Files\Java\jdk-17\bin\net.dll
0x00007ffcbd7a0000 - 0x00007ffcbd8ad000 	C:\WINDOWS\SYSTEM32\WINHTTP.dll
0x00007ffcc44a0000 - 0x00007ffcc450a000 	C:\WINDOWS\system32\mswsock.dll
0x00007ffc8f7f0000 - 0x00007ffc8f806000 	C:\Program Files\Java\jdk-17\bin\nio.dll
0x00007ffc8f7e0000 - 0x00007ffc8f7f0000 	C:\Program Files\Java\jdk-17\bin\verify.dll
0x00007ffcbc770000 - 0x00007ffcbc797000 	C:\Users\siddh\.gradle\native\c067742578af261105cb4f569cf0c3c89f3d7b1fecec35dd04571415982c5e48\windows-amd64\native-platform.dll
0x00007ffc7d820000 - 0x00007ffc7d964000 	C:\Users\siddh\.gradle\native\100fb08df4bc3b14c8652ba06237920a3bd2aa13389f12d3474272988ae205f9\windows-amd64\native-platform-file-events.dll
0x00007ffc8c1d0000 - 0x00007ffc8c1da000 	C:\Program Files\Java\jdk-17\bin\management.dll
0x00007ffc8c1c0000 - 0x00007ffc8c1cb000 	C:\Program Files\Java\jdk-17\bin\management_ext.dll
0x00007ffcc46c0000 - 0x00007ffcc46d8000 	C:\WINDOWS\SYSTEM32\CRYPTSP.dll
0x00007ffcc3d30000 - 0x00007ffcc3d64000 	C:\WINDOWS\system32\rsaenh.dll
0x00007ffcc4c20000 - 0x00007ffcc4c4e000 	C:\WINDOWS\SYSTEM32\USERENV.dll
0x00007ffcc46b0000 - 0x00007ffcc46bc000 	C:\WINDOWS\SYSTEM32\CRYPTBASE.dll
0x00007ffcc4120000 - 0x00007ffcc415b000 	C:\WINDOWS\SYSTEM32\IPHLPAPI.DLL
0x00007ffcc6160000 - 0x00007ffcc6168000 	C:\WINDOWS\System32\NSI.dll
0x00007ffcc0820000 - 0x00007ffcc0837000 	C:\WINDOWS\SYSTEM32\dhcpcsvc6.DLL
0x00007ffcc0800000 - 0x00007ffcc081d000 	C:\WINDOWS\SYSTEM32\dhcpcsvc.DLL
0x00007ffcc4160000 - 0x00007ffcc422a000 	C:\WINDOWS\SYSTEM32\DNSAPI.dll
0x00007ffc8c1b0000 - 0x00007ffc8c1be000 	C:\Program Files\Java\jdk-17\bin\sunmscapi.dll
0x00007ffcc50d0000 - 0x00007ffcc522c000 	C:\WINDOWS\System32\CRYPT32.dll
0x00007ffcc47d0000 - 0x00007ffcc47f7000 	C:\WINDOWS\SYSTEM32\ncrypt.dll
0x00007ffcc4790000 - 0x00007ffcc47cb000 	C:\WINDOWS\SYSTEM32\NTASN1.dll
0x00007ffcb8f80000 - 0x00007ffcb8f87000 	C:\WINDOWS\system32\wshunix.dll

dbghelp: loaded successfully - version: 4.0.5 - missing functions: none
symbol engine: initialized successfully - sym options: 0x614 - pdb path: .;C:\Program Files\Java\jdk-17\bin;C:\WINDOWS\SYSTEM32;C:\Program Files\Norton Security\NortonData\22.22.11.12\Definitions\IPSDefs\20240411.064;C:\WINDOWS\WinSxS\amd64_microsoft.windows.common-controls_6595b64144ccf1df_6.0.19041.4355_none_60b8b9eb71f62e16;C:\Program Files\Java\jdk-17\bin\server;C:\Users\siddh\.gradle\native\c067742578af261105cb4f569cf0c3c89f3d7b1fecec35dd04571415982c5e48\windows-amd64;C:\Users\siddh\.gradle\native\100fb08df4bc3b14c8652ba06237920a3bd2aa13389f12d3474272988ae205f9\windows-amd64

VM Arguments:
jvm_args: -XX:MaxMetaspaceSize=512m --add-opens=java.base/java.util=ALL-UNNAMED --add-opens=java.base/java.lang=ALL-UNNAMED --add-opens=java.base/java.lang.invoke=ALL-UNNAMED --add-opens=java.prefs/java.util.prefs=ALL-UNNAMED --add-exports=jdk.compiler/com.sun.tools.javac.api=ALL-UNNAMED --add-exports=jdk.compiler/com.sun.tools.javac.util=ALL-UNNAMED --add-opens=java.base/java.nio.charset=ALL-UNNAMED --add-opens=java.base/java.net=ALL-UNNAMED --add-opens=java.base/java.util.concurrent.atomic=ALL-UNNAMED -Xmx2048m -Dfile.encoding=windows-1252 -Duser.country=IN -Duser.language=en -Duser.variant -javaagent:C:\Users\siddh\.gradle\wrapper\dists\gradle-8.10.2-all\7iv73wktx1xtkvlq19urqw1wm\gradle-8.10.2\lib\agents\gradle-instrumentation-agent-8.10.2.jar 
java_command: org.gradle.launcher.daemon.bootstrap.GradleDaemon 8.10.2
java_class_path (initial): C:\Users\siddh\.gradle\wrapper\dists\gradle-8.10.2-all\7iv73wktx1xtkvlq19urqw1wm\gradle-8.10.2\lib\gradle-daemon-main-8.10.2.jar
Launcher Type: SUN_STANDARD

[Global flags]
     intx CICompilerCount                          = 4                                         {product} {ergonomic}
   size_t CompressedClassSpaceSize                 = 436207616                                 {product} {ergonomic}
     uint ConcGCThreads                            = 2                                         {product} {ergonomic}
     uint G1ConcRefinementThreads                  = 8                                         {product} {ergonomic}
   size_t G1HeapRegionSize                         = 1048576                                   {product} {ergonomic}
    uintx GCDrainStackTargetSize                   = 64                                        {product} {ergonomic}
   size_t InitialHeapSize                          = 132120576                                 {product} {ergonomic}
   size_t MarkStackSize                            = 4194304                                   {product} {ergonomic}
   size_t MaxHeapSize                              = 2147483648                                {product} {command line}
   size_t MaxMetaspaceSize                         = 536870912                                 {product} {command line}
   size_t MaxNewSize                               = 1287651328                                {product} {ergonomic}
   size_t MinHeapDeltaBytes                        = 1048576                                   {product} {ergonomic}
   size_t MinHeapSize                              = 8388608                                   {product} {ergonomic}
    uintx NonNMethodCodeHeapSize                   = 5839372                                {pd product} {ergonomic}
    uintx NonProfiledCodeHeapSize                  = 122909434                              {pd product} {ergonomic}
    uintx ProfiledCodeHeapSize                     = 122909434                              {pd product} {ergonomic}
    uintx ReservedCodeCacheSize                    = 251658240                              {pd product} {ergonomic}
     bool SegmentedCodeCache                       = true                                      {product} {ergonomic}
   size_t SoftMaxHeapSize                          = 2147483648                             {manageable} {ergonomic}
     bool UseCompressedClassPointers               = true                           {product lp64_product} {ergonomic}
     bool UseCompressedOops                        = true                           {product lp64_product} {ergonomic}
     bool UseG1GC                                  = true                                      {product} {ergonomic}
     bool UseLargePagesIndividualAllocation        = false                                  {pd product} {ergonomic}

Logging:
Log output configuration:
 #0: stdout all=warning uptime,level,tags
 #1: stderr all=off uptime,level,tags

Environment Variables:
JAVA_HOME=C:\Program Files\Java\jdk-17
CLASSPATH=D:\Study Folder\React Native\DeliveryEstimator\android\\gradle\wrapper\gradle-wrapper.jar
PATH=D:\Study Folder\React Native\DeliveryEstimator\node_modules\.bin;D:\Study Folder\React Native\DeliveryEstimator\node_modules\.bin;D:\Study Folder\React Native\node_modules\.bin;D:\Study Folder\node_modules\.bin;D:\node_modules\.bin;C:\Users\siddh\AppData\Roaming\npm\node_modules\npm\node_modules\@npmcli\run-script\lib\node-gyp-bin;D:\Study Folder\React Native\DeliveryEstimator\node_modules\.bin;D:\Study Folder\React Native\node_modules\.bin;D:\Study Folder\node_modules\.bin;D:\node_modules\.bin;C:\Users\siddh\AppData\Roaming\npm\node_modules\npm\node_modules\@npmcli\run-script\lib\node-gyp-bin;C:\Program Files\Common Files\Oracle\Java\javapath;C:\Program Files\Microsoft\jdk-11.0.18.10-hotspot\bin;C:\Program Files (x86)\Common Files\Oracle\Java\javapath;C:\Windows\system32;C:\Windows;C:\Windows\System32\Wbem;C:\Windows\System32\WindowsPowerShell\v1.0\;C:\Windows\System32\OpenSSH\;C:\Program Files (x86)\NVIDIA Corporation\PhysX\Common;C:\Program Files\NVIDIA Corporation\NVIDIA NvDLISR;C:\WINDOWS\system32;C:\WINDOWS;C:\WINDOWS\System32\Wbem;C:\WINDOWS\System32\WindowsPowerShell\v1.0\;C:\WINDOWS\System32\OpenSSH\;C:\MinGW\bin;C:\Program Files\MongoDB\Server\6.0\bin\;C:\ProgramData\chocolatey\bin;C:\Users\siddh\AppData\Local\Android\Sdk\platform-tools;C:\gradle-8.0.1\bin;C:\Program Files\Git\cmd;C:\Users\siddh\AppData\Local\Programs\mongosh;C:\Program Files\MongoDB\Server\7.0\bin;C:\Program Files\nodejs\;C:\Program Files\Docker\Docker\resources\bin;C:\Program Files\MySQL\MySQL Server 8.0\bin;C:\Users\siddh\AppData\Local\Android\Sdk\tools;C:\Program Files\MySQL\MySQL Shell 8.0\bin\;C:\Users\siddh\AppData\Local\Programs\Python\Python311\Scripts\;C:\Users\siddh\AppData\Local\Programs\Python\Python311\;C:\Users\siddh\AppData\Local\Microsoft\WindowsApps;C:\modeltech64_10.6d\win64;C:\Users\siddh\AppData\Local\Programs\Microsoft VS Code\bin;C:\Program Files\nodejs;C:\Program Files\MongoDB\Server\6.0\bin\;C:\Users\siddh\Downloads\mongosh-1.8.0-win32-x64\mongosh-1.8.0-win32-x64
USERNAME=siddh
LANG=en_US.UTF-8
OS=Windows_NT
PROCESSOR_IDENTIFIER=Intel64 Family 6 Model 165 Stepping 2, GenuineIntel



---------------  S Y S T E M  ---------------

OS:
 Windows 10 , 64 bit Build 19041 (10.0.19041.4957)
OS uptime: 0 days 4:40 hours
Hyper-V role detected

CPU: total 8 (initial active 8) (4 cores per cpu, 2 threads per core) family 6 model 165 stepping 2 microcode 0xea, cx8, cmov, fxsr, ht, mmx, 3dnowpref, sse, sse2, sse3, ssse3, sse4.1, sse4.2, popcnt, lzcnt, tsc, tscinvbit, avx, avx2, aes, erms, clmul, bmi1, bmi2, adx, fma, vzeroupper, clflush, clflushopt, hv

Memory: 4k page, system-wide physical 8023M (393M free)
TotalPageFile size 19213M (AvailPageFile size 2494M)
current process WorkingSet (physical memory assigned to process): 223M, peak: 228M
current process commit charge ("private bytes"): 304M, peak: 308M

vm_info: Java HotSpot(TM) 64-Bit Server VM (17.0.10+11-LTS-240) for windows-amd64 JRE (17.0.10+11-LTS-240), built on Dec 19 2023 21:47:25 by "mach5one" with MS VC++ 17.1 (VS2022)

END.
